2018-03-17T19:43:57Z|00001|ovs_numa|INFO|Discovered 4 CPU cores on NUMA node 0
2018-03-17T19:43:57Z|00002|ovs_numa|INFO|Discovered 1 NUMA nodes and 4 CPU cores
2018-03-17T19:43:57Z|00003|reconnect|INFO|unix:/var/run/openvswitch/db.sock: connecting...
2018-03-17T19:43:57Z|00004|reconnect|INFO|unix:/var/run/openvswitch/db.sock: connected
2018-03-17T19:43:57Z|00005|dpdk|INFO|DPDK Enabled - initializing...
2018-03-17T19:43:57Z|00006|dpdk|INFO|No vhost-sock-dir provided - defaulting to /var/run/openvswitch
2018-03-17T19:43:57Z|00007|dpdk|INFO|EAL ARGS: ovs-vswitchd -c 2 --huge-dir /mnt/huge --socket-mem 128 --proc-type primary -w 0000:00:19.0
2018-03-17T19:43:57Z|00008|dpdk|INFO|EAL: Detected 4 lcore(s)
2018-03-17T19:43:57Z|00009|dpdk|WARN|EAL: No free hugepages reported in hugepages-1048576kB
2018-03-17T19:43:57Z|00010|dpdk|INFO|EAL: Probing VFIO support...
2018-03-17T19:43:58Z|00011|dpdk|INFO|EAL: PCI device 0000:00:19.0 on NUMA socket -1
2018-03-17T19:43:58Z|00012|dpdk|INFO|EAL:   probe driver: 8086:153a net_e1000_em
2018-03-17T19:43:58Z|00013|dpdk|INFO|DPDK Enabled - initialized
2018-03-17T19:43:58Z|00014|ofproto_dpif|INFO|netdev@ovs-netdev: Datapath supports recirculation
2018-03-17T19:43:58Z|00015|ofproto_dpif|INFO|netdev@ovs-netdev: VLAN header stack length probed as 1
2018-03-17T19:43:58Z|00016|ofproto_dpif|INFO|netdev@ovs-netdev: MPLS label stack length probed as 3
2018-03-17T19:43:58Z|00017|ofproto_dpif|INFO|netdev@ovs-netdev: Datapath supports truncate action
2018-03-17T19:43:58Z|00018|ofproto_dpif|INFO|netdev@ovs-netdev: Datapath supports unique flow ids
2018-03-17T19:43:58Z|00019|ofproto_dpif|INFO|netdev@ovs-netdev: Datapath supports clone action
2018-03-17T19:43:58Z|00020|ofproto_dpif|INFO|netdev@ovs-netdev: Max sample nesting level probed as 10
2018-03-17T19:43:58Z|00021|ofproto_dpif|INFO|netdev@ovs-netdev: Datapath supports eventmask in conntrack action
2018-03-17T19:43:58Z|00022|ofproto_dpif|INFO|netdev@ovs-netdev: Datapath supports ct_state
2018-03-17T19:43:58Z|00023|ofproto_dpif|INFO|netdev@ovs-netdev: Datapath supports ct_zone
2018-03-17T19:43:58Z|00024|ofproto_dpif|INFO|netdev@ovs-netdev: Datapath supports ct_mark
2018-03-17T19:43:58Z|00025|ofproto_dpif|INFO|netdev@ovs-netdev: Datapath supports ct_label
2018-03-17T19:43:58Z|00026|ofproto_dpif|INFO|netdev@ovs-netdev: Datapath supports ct_state_nat
2018-03-17T19:43:58Z|00027|ofproto_dpif|INFO|netdev@ovs-netdev: Datapath supports ct_orig_tuple
2018-03-17T19:43:58Z|00028|ofproto_dpif|INFO|netdev@ovs-netdev: Datapath supports ct_orig_tuple6
2018-03-17T19:43:58Z|00029|bridge|INFO|bridge br-int: added interface br-int on port 65534
2018-03-17T19:43:58Z|00030|bridge|INFO|bridge br-int: using datapath ID 0000b6d2d1a0104c
2018-03-17T19:43:58Z|00031|connmgr|INFO|br-int: added service controller "punix:/var/run/openvswitch/br-int.mgmt"
2018-03-17T19:43:58Z|00032|bridge|INFO|ovs-vswitchd (Open vSwitch) 2.8.3
2018-03-17T19:43:58Z|00033|bridge|INFO|bridge br-eno1: added interface br-eno1 on port 65534
2018-03-17T19:43:58Z|00034|bridge|INFO|bridge br-eno1: using datapath ID 0000323dc4de8a42
2018-03-17T19:43:58Z|00035|connmgr|INFO|br-eno1: added service controller "punix:/var/run/openvswitch/br-eno1.mgmt"
2018-03-17T19:43:59Z|00036|dpdk|INFO|EAL: PCI device 0000:00:19.0 on NUMA socket -1
2018-03-17T19:43:59Z|00037|dpdk|INFO|EAL:   probe driver: 8086:153a net_e1000_em
2018-03-17T19:43:59Z|00038|netdev_dpdk|INFO|Device '0000:00:19.0' attached to DPDK
2018-03-17T19:43:59Z|00039|dpif_netdev|INFO|PMD thread on numa_id: 0, core id:  2 created.
2018-03-17T19:43:59Z|00040|dpif_netdev|INFO|There are 1 pmd threads on numa node 0
2018-03-17T19:43:59Z|00041|dpdk|ERR|RING: Cannot reserve memory
2018-03-17T19:43:59Z|00042|dpdk|ERR|RING: Cannot reserve memory
2018-03-17T19:43:59Z|00043|dpdk|ERR|RING: Cannot reserve memory
2018-03-17T19:43:59Z|00044|netdev_dpdk|INFO|Port 0: 50:65:f3:20:3e:d8
2018-03-17T19:43:59Z|00045|bridge|INFO|bridge br-eno1: added interface eno1 on port 1
2018-03-17T19:43:59Z|00046|bridge|INFO|bridge br-eno1: using datapath ID 00005065f3203ed8
2018-03-17T19:43:59Z|00047|netdev_dpdk|WARN|Failed to enable flow control on device 0
2018-03-17T19:44:08Z|00048|memory|INFO|16848 kB peak resident set size after 10.3 seconds
2018-03-17T19:44:08Z|00049|memory|INFO|handlers:1 ports:3 revalidators:1 rules:10 udpif keys:3
2018-03-17T19:46:16Z|00050|bridge|INFO|bridge br-ex: added interface br-ex on port 65534
2018-03-17T19:46:16Z|00051|bridge|INFO|bridge br-ex: using datapath ID 0000221488972540
2018-03-17T19:46:16Z|00052|connmgr|INFO|br-ex: added service controller "punix:/var/run/openvswitch/br-ex.mgmt"
2018-03-17T19:47:54Z|00053|bridge|INFO|bridge br-int: added interface qr-cfa16ed3-75 on port 1
2018-03-17T19:47:54Z|00054|netdev_linux|INFO|ioctl(SIOCGIFHWADDR) on qr-cfa16ed3-75 device failed: No such device
2018-03-17T19:47:54Z|00055|netdev_linux|WARN|ethtool command ETHTOOL_GSET on network device qr-cfa16ed3-75 failed: No such device
2018-03-17T19:47:54Z|00056|netdev_linux|WARN|ethtool command ETHTOOL_GDRVINFO on network device qr-cfa16ed3-75 failed: No such device
2018-03-17T19:47:54Z|00057|netdev_linux|INFO|ioctl(SIOCGIFINDEX) on qr-cfa16ed3-75 device failed: No such device
2018-03-17T19:47:56Z|00058|netdev_linux|WARN|ethtool command ETHTOOL_GDRVINFO on network device qr-cfa16ed3-75 failed: No such device
2018-03-17T19:47:56Z|00059|netdev_linux|WARN|ethtool command ETHTOOL_GDRVINFO on network device qr-cfa16ed3-75 failed: No such device
2018-03-17T19:47:58Z|00060|bridge|INFO|bridge br-int: added interface qg-e12c56de-c7 on port 2
2018-03-17T19:47:58Z|00061|netdev_linux|WARN|ethtool command ETHTOOL_GDRVINFO on network device qr-cfa16ed3-75 failed: No such device
2018-03-17T19:47:58Z|00062|netdev_linux|INFO|ioctl(SIOCGIFHWADDR) on qg-e12c56de-c7 device failed: No such device
2018-03-17T19:47:58Z|00063|netdev_linux|WARN|ethtool command ETHTOOL_GSET on network device qg-e12c56de-c7 failed: No such device
2018-03-17T19:47:58Z|00064|netdev_linux|INFO|ioctl(SIOCGIFINDEX) on qg-e12c56de-c7 device failed: No such device
2018-03-17T19:47:58Z|00065|netdev_linux|WARN|ethtool command ETHTOOL_GDRVINFO on network device qg-e12c56de-c7 failed: No such device
2018-03-17T19:47:58Z|00066|netdev_linux|WARN|ethtool command ETHTOOL_GDRVINFO on network device qr-cfa16ed3-75 failed: No such device
2018-03-17T19:48:01Z|00067|bridge|INFO|bridge br-int: added interface qr-fc9a8cd3-e8 on port 3
2018-03-17T19:48:01Z|00068|netdev_linux|WARN|ethtool command ETHTOOL_GDRVINFO on network device qg-e12c56de-c7 failed: No such device
2018-03-17T19:48:01Z|00069|netdev_linux|WARN|ethtool command ETHTOOL_GDRVINFO on network device qr-cfa16ed3-75 failed: No such device
2018-03-17T19:48:01Z|00070|netdev_linux|WARN|ethtool command ETHTOOL_GDRVINFO on network device qg-e12c56de-c7 failed: No such device
2018-03-17T19:48:01Z|00071|netdev_linux|WARN|ethtool command ETHTOOL_GDRVINFO on network device qr-cfa16ed3-75 failed: No such device
2018-03-17T19:48:01Z|00072|netdev_linux|INFO|ioctl(SIOCGIFHWADDR) on qr-fc9a8cd3-e8 device failed: No such device
2018-03-17T19:48:01Z|00073|netdev_linux|WARN|ethtool command ETHTOOL_GSET on network device qr-fc9a8cd3-e8 failed: No such device
2018-03-17T19:48:01Z|00074|netdev_linux|INFO|ioctl(SIOCGIFINDEX) on qr-fc9a8cd3-e8 device failed: No such device
2018-03-17T19:48:01Z|00075|netdev_linux|WARN|ethtool command ETHTOOL_GDRVINFO on network device qr-fc9a8cd3-e8 failed: No such device
2018-03-17T20:13:52Z|00076|bridge|INFO|bridge br-int: added interface qg-725234a3-73 on port 4
2018-03-17T20:13:52Z|00077|netdev_linux|WARN|ethtool command ETHTOOL_GDRVINFO on network device qg-e12c56de-c7 failed: No such device
2018-03-17T20:13:52Z|00078|netdev_linux|WARN|ethtool command ETHTOOL_GDRVINFO on network device qr-fc9a8cd3-e8 failed: No such device
2018-03-17T20:13:52Z|00079|netdev_linux|WARN|ethtool command ETHTOOL_GDRVINFO on network device qr-cfa16ed3-75 failed: No such device
2018-03-17T20:13:52Z|00080|netdev_linux|INFO|ioctl(SIOCGIFHWADDR) on qg-725234a3-73 device failed: No such device
2018-03-17T20:13:52Z|00081|netdev_linux|WARN|ethtool command ETHTOOL_GSET on network device qg-725234a3-73 failed: No such device
2018-03-17T20:13:52Z|00082|netdev_linux|INFO|ioctl(SIOCGIFINDEX) on qg-725234a3-73 device failed: No such device
2018-03-17T20:13:52Z|00083|netdev_linux|WARN|ethtool command ETHTOOL_GDRVINFO on network device qg-725234a3-73 failed: No such device
2018-03-17T20:14:59Z|00084|bridge|INFO|bridge br-int: added interface qr-3c731b9e-84 on port 5
2018-03-17T20:14:59Z|00085|netdev_linux|WARN|ethtool command ETHTOOL_GDRVINFO on network device qg-e12c56de-c7 failed: No such device
2018-03-17T20:14:59Z|00086|netdev_linux|WARN|ethtool command ETHTOOL_GDRVINFO on network device qg-725234a3-73 failed: No such device
2018-03-17T20:14:59Z|00087|netdev_linux|WARN|ethtool command ETHTOOL_GDRVINFO on network device qr-fc9a8cd3-e8 failed: No such device
2018-03-17T20:14:59Z|00088|netdev_linux|WARN|ethtool command ETHTOOL_GDRVINFO on network device qr-cfa16ed3-75 failed: No such device
2018-03-17T20:14:59Z|00089|netdev_linux|INFO|ioctl(SIOCGIFHWADDR) on qr-3c731b9e-84 device failed: No such device
2018-03-17T20:14:59Z|00090|netdev_linux|WARN|ethtool command ETHTOOL_GSET on network device qr-3c731b9e-84 failed: No such device
2018-03-17T20:14:59Z|00091|netdev_linux|INFO|ioctl(SIOCGIFINDEX) on qr-3c731b9e-84 device failed: No such device
2018-03-17T20:14:59Z|00092|netdev_linux|WARN|ethtool command ETHTOOL_GDRVINFO on network device qr-3c731b9e-84 failed: No such device
